<?xml version="1.0" encoding="UTF-8" ?>
<testsuite tests="3" failures="2" name="TestSuite" time="20.513" errors="0" skipped="1">
  <properties>
[...]
</properties>
  <testcase classname="Assigment3selenium.WebPageTest" name="openBrowser" time="0.495">
    <failure message="config_file_location\browsername.properties (No such file or directory)" type="java.io.FileNotFoundException">java.io.FileNotFoundException: config_file_location\browsername.properties (No such file or directory)
	at java.io.FileInputStream.open0(Native Method)
	at java.io.FileInputStream.open(FileInputStream.java:195)
	at java.io.FileInputStream.&lt;init&gt;(FileInputStream.java:138)
	at java.io.FileInputStream.&lt;init&gt;(FileInputStream.java:93)
	at Assigment3selenium.WebPageTest.getBrowser(WebPageTest.java:31)
	at Assigment3selenium.WebPageTest.openBrowser(WebPageTest.java:56)
</failure>
    <system-out>Configuring TestNG with: org.apache.maven.surefire.testng.conf.TestNG652Configurator@5b464ce8
</system-out>
    <system-err>SLF4J: Failed to load class &quot;org.slf4j.impl.StaticLoggerBinder&quot;.
SLF4J: Defaulting to no-operation (NOP) logger implementation
SLF4J: See http://www.slf4j.org/codes.html#StaticLoggerBinder for further details.
</system-err>
  </testcase>
  <testcase classname="Assigment3selenium.WebPageTest" name="testRun" time="0">
    <skipped/>
  </testcase>
  <testcase classname="Assigment3selenium.Requirement_3Test" name="getRequirement3Test" time="20.018">
    <failure type="java.lang.NullPointerException">java.lang.NullPointerException
	at Assigment3selenium.Requirement_3Test.lambda$getRequirement3Test$0(Requirement_3Test.java:40)
	at java.util.TimSort.countRunAndMakeAscending(TimSort.java:355)
	at java.util.TimSort.sort(TimSort.java:220)
	at java.util.Arrays.sort(Arrays.java:1512)
	at java.util.ArrayList.sort(ArrayList.java:1464)
	at java.util.Collections.sort(Collections.java:177)
	at Assigment3selenium.Requirement_3Test.getRequirement3Test(Requirement_3Test.java:40)
</failure>
    <system-err>Starting ChromeDriver 112.0.5615.49 (bd2a7bcb881c11e8cfe3078709382934e3916914-refs/branch-heads/5615@{#936}) on port 2134
Only local connections are allowed.
Please see https://chromedriver.chromium.org/security-considerations for suggestions on keeping ChromeDriver safe.
ChromeDriver was started successfully.
</system-err>
  </testcase>
</testsuite>